{
  "timestamp": "2026-01-08 16:23:11",
  "level": "info",
  "message": "║ ✅ User ramikh@hotmail.com logged in successfully"
}
{
  "timestamp": "2026-01-08 17:07:56",
  "level": "info",
  "message": "║ ✅ User ramikh@hotmail.com logged in successfully"
}
{
  "timestamp": "2026-01-08 17:33:49",
  "level": "info",
  "message": "║ ✅ User ramikh@hotmail.com logged in successfully"
}
{
  "timestamp": "2026-01-08 17:35:28",
  "level": "info",
  "message": "║ ✅ User ramikh@hotmail.com logged in successfully"
}
{
  "timestamp": "2026-01-08 17:37:05",
  "level": "info",
  "message": "║ ✅ User ramikh@hotmail.com logged in successfully"
}
{
  "timestamp": "2026-01-08 17:38:14",
  "level": "info",
  "message": "║ ✅ User ramikh@hotmail.com logged in successfully"
}
{
  "timestamp": "2026-01-08 17:41:52",
  "level": "info",
  "message": "║ ✅ User ramikh@hotmail.com logged in successfully"
}
{
  "timestamp": "2026-01-08 17:42:21",
  "level": "info",
  "message": "║ ✅ User ramikh@hotmail.com logged in successfully"
}
{
  "timestamp": "2026-01-08 17:42:39",
  "level": "info",
  "message": "║ ✅ User ramikh@hotmail.com logged in successfully"
}
{
  "timestamp": "2026-01-08 17:42:49",
  "level": "info",
  "message": "║ ✅ User ramikh@hotmail.com logged in successfully"
}
{
  "timestamp": "2026-01-08 17:43:31",
  "level": "info",
  "message": "║ ✅ User ramikh@hotmail.com logged in successfully"
}
{
  "timestamp": "2026-01-08 17:46:27",
  "level": "info",
  "message": "║ ✅ User ramikh@hotmail.com logged in successfully"
}
{
  "timestamp": "2026-01-08 17:56:14",
  "level": "info",
  "message": "║ ✅ User ramikh@hotmail.com logged in successfully"
}
{
  "timestamp": "2026-01-08 18:03:42",
  "level": "info",
  "message": "║ ✅ User ramikh@hotmail.com logged in successfully"
}
{
  "timestamp": "2026-01-08 18:12:12",
  "level": "warn",
  "message": "⚠️ Login failed: No user found for tester_12345@example.com"
}
{
  "timestamp": "2026-01-08 18:18:56",
  "level": "info",
  "message": "║ ✅ User ramikh@hotmail.com logged in successfully"
}
{
  "timestamp": "2026-01-08 18:23:09",
  "level": "warn",
  "message": "⚠️ Login failed: No user found for test@example.com"
}
{
  "timestamp": "2026-01-08 18:24:49",
  "level": "info",
  "message": "║ ✅ User ramikh@hotmail.com logged in successfully"
}
{
  "timestamp": "2026-01-08 18:37:25",
  "level": "info",
  "message": "║ ✅ User ramikh@hotmail.com logged in successfully"
}
{
  "timestamp": "2026-01-08 18:38:44",
  "level": "info",
  "message": "║ ✅ User mahch@hotmail.com logged in successfully"
}
{
  "timestamp": "2026-01-08 18:44:56",
  "level": "info",
  "message": "║ ✅ User ramikh@hotmail.com logged in successfully"
}
{
  "timestamp": "2026-01-08 18:52:56",
  "level": "info",
  "message": "║ ✅ User ramikh@hotmail.com logged in successfully"
}
