{
  "timestamp": "2026-01-07 21:30:48",
  "level": "info",
  "message": "║ ✅ User ramikh@hotmail.com logged in successfully"
}
{
  "timestamp": "2026-01-07 21:46:21",
  "level": "info",
  "message": "║ ✅ User ramikh@hotmail.com logged in successfully"
}
{
  "timestamp": "2026-01-07 22:22:25",
  "level": "info",
  "message": "║ ✅ User ramikh@hotmail.com logged in successfully"
}
{
  "timestamp": "2026-01-07 22:41:57",
  "level": "info",
  "message": "║ ✅ User ramikh@hotmail.com logged in successfully"
}
{
  "timestamp": "2026-01-07 22:43:06",
  "level": "info",
  "message": "║ ✅ User ramikh@hotmail.com logged in successfully"
}
{
  "timestamp": "2026-01-07 22:49:33",
  "level": "info",
  "message": "║ ✅ User ramikh@hotmail.com logged in successfully"
}
{
  "timestamp": "2026-01-07 22:54:34",
  "level": "info",
  "message": "║ ✅ User ramikh@hotmail.com logged in successfully"
}
{
  "timestamp": "2026-01-07 22:55:38",
  "level": "info",
  "message": "Transaction deleted successfully for user 69599913d424a4c616c44f67"
}
{
  "timestamp": "2026-01-07 22:56:13",
  "level": "info",
  "message": "Transaction deleted successfully for user 69599913d424a4c616c44f67"
}
{
  "timestamp": "2026-01-07 22:57:11",
  "level": "info",
  "message": "║ ✅ User ramikh@hotmail.com logged in successfully"
}
{
  "timestamp": "2026-01-07 23:05:33",
  "level": "info",
  "message": "Transaction deleted successfully for user 69599913d424a4c616c44f67"
}
{
  "timestamp": "2026-01-07 23:05:38",
  "level": "info",
  "message": "Transaction deleted successfully for user 69599913d424a4c616c44f67"
}
{
  "timestamp": "2026-01-07 23:05:41",
  "level": "info",
  "message": "Transaction deleted successfully for user 69599913d424a4c616c44f67"
}
{
  "timestamp": "2026-01-07 23:10:03",
  "level": "info",
  "message": "Transaction deleted successfully for user 69599913d424a4c616c44f67"
}
{
  "timestamp": "2026-01-07 23:11:14",
  "level": "info",
  "message": "Transaction deleted successfully for user 69599913d424a4c616c44f67"
}
{
  "timestamp": "2026-01-07 23:11:32",
  "level": "info",
  "message": "Transaction deleted successfully for user 69599913d424a4c616c44f67"
}
{
  "timestamp": "2026-01-07 23:12:02",
  "level": "info",
  "message": "Transaction deleted successfully for user 69599913d424a4c616c44f67"
}
{
  "timestamp": "2026-01-07 23:12:29",
  "level": "info",
  "message": "║ ✅ User ramikh@hotmail.com logged in successfully"
}
{
  "timestamp": "2026-01-07 23:13:28",
  "level": "info",
  "message": "Transaction deleted successfully for user 69599913d424a4c616c44f67"
}
{
  "timestamp": "2026-01-07 23:15:37",
  "level": "info",
  "message": "Transaction deleted successfully for user 69599913d424a4c616c44f67"
}
{
  "timestamp": "2026-01-07 23:15:39",
  "level": "info",
  "message": "Transaction deleted successfully for user 69599913d424a4c616c44f67"
}
{
  "timestamp": "2026-01-07 23:15:41",
  "level": "info",
  "message": "Transaction deleted successfully for user 69599913d424a4c616c44f67"
}
{
  "timestamp": "2026-01-07 23:16:46",
  "level": "info",
  "message": "║ ✅ User ramikh@hotmail.com logged in successfully"
}
{
  "timestamp": "2026-01-07 23:18:33",
  "level": "info",
  "message": "║ ✅ User ramikh@hotmail.com logged in successfully"
}
{
  "timestamp": "2026-01-07 23:35:49",
  "level": "info",
  "message": "║ ✅ User ramikh@hotmail.com logged in successfully"
}
{
  "timestamp": "2026-01-07 23:36:39",
  "level": "info",
  "message": "Budget created for user 69599913d424a4c616c44f67 - Akel khara"
}
