{
  "timestamp": "2026-01-04 00:25:06",
  "level": "warn",
  "message": "⚠️ Login failed: Incorrect password for ahmadkh@hotmail.com"
}
{
  "timestamp": "2026-01-04 00:25:22",
  "level": "warn",
  "message": "⚠️ Login failed: Incorrect password for ahmadkh@hotmail.com"
}
{
  "timestamp": "2026-01-04 00:27:40",
  "level": "warn",
  "message": "⚠️ Login failed: Incorrect password for ahmadkh@hotmail.com"
}
{
  "timestamp": "2026-01-04 00:27:52",
  "level": "warn",
  "message": "⚠️ Login failed: No user found for ahmad"
}
{
  "timestamp": "2026-01-04 00:29:10",
  "level": "warn",
  "message": "⚠️ Login failed: Incorrect password for ahmadkh@hotmail.com"
}
{
  "timestamp": "2026-01-04 00:33:13",
  "level": "info",
  "message": "║ ✅ User ramikh@hotmail.com logged in successfully"
}
{
  "timestamp": "2026-01-04 00:44:12",
  "level": "info",
  "message": "║ ✅ User Rami logged out and session cleared"
}
{
  "timestamp": "2026-01-04 01:06:10",
  "level": "info",
  "message": "║ ✅ User ramikh@hotmail.com logged in successfully"
}
{
  "timestamp": "2026-01-04 01:06:32",
  "level": "info",
  "message": "Budget created for user 69599913d424a4c616c44f67 - Food"
}
{
  "timestamp": "2026-01-04 01:26:04",
  "level": "info",
  "message": "║ ✅ User ramikh@hotmail.com logged in successfully"
}
{
  "timestamp": "2026-01-04 01:26:37",
  "level": "info",
  "message": "Budget created for user 69599913d424a4c616c44f67 - Electronics"
}
{
  "timestamp": "2026-01-04 01:27:48",
  "level": "info",
  "message": "Budget created for user 69599913d424a4c616c44f67 - Food"
}
{
  "timestamp": "2026-01-04 01:32:08",
  "level": "info",
  "message": "Budget created for user 69599913d424a4c616c44f67 - Electronics"
}
{
  "timestamp": "2026-01-04 14:08:38",
  "level": "info",
  "message": "║ ✅ User ramikh@hotmail.com logged in successfully"
}
{
  "timestamp": "2026-01-04 14:30:22",
  "level": "info",
  "message": "║ ✅ User ramikh@hotmail.com logged in successfully"
}
{
  "timestamp": "2026-01-04 14:42:32",
  "level": "info",
  "message": "║ ✅ User ramikh@hotmail.com logged in successfully"
}
{
  "timestamp": "2026-01-04 15:02:01",
  "level": "info",
  "message": "║ ✅ User ramikh@hotmail.com logged in successfully"
}
{
  "timestamp": "2026-01-04 15:15:39",
  "level": "info",
  "message": "║ ✅ User ramikh@hotmail.com logged in successfully"
}
{
  "timestamp": "2026-01-04 15:22:18",
  "level": "info",
  "message": "Category created for user 69599913d424a4c616c44f67: Freelance"
}
{
  "timestamp": "2026-01-04 15:24:24",
  "level": "info",
  "message": "Category created for user 69599913d424a4c616c44f67: Selling Products"
}
{
  "timestamp": "2026-01-04 15:45:50",
  "level": "info",
  "message": "║ ✅ User ramikh@hotmail.com logged in successfully"
}
{
  "timestamp": "2026-01-04 15:53:40",
  "level": "info",
  "message": "║ ✅ User ramikh@hotmail.com logged in successfully"
}
{
  "timestamp": "2026-01-04 15:57:01",
  "level": "info",
  "message": "║ ✅ User ramikh@hotmail.com logged in successfully"
}
{
  "timestamp": "2026-01-04 15:57:15",
  "level": "info",
  "message": "║ ✅ User ramikh@hotmail.com logged in successfully"
}
{
  "timestamp": "2026-01-04 15:57:24",
  "level": "info",
  "message": "║ ✅ User ramikh@hotmail.com logged in successfully"
}
{
  "timestamp": "2026-01-04 15:57:34",
  "level": "info",
  "message": "║ ✅ User ramikh@hotmail.com logged in successfully"
}
{
  "timestamp": "2026-01-04 15:58:07",
  "level": "info",
  "message": "║ ✅ User ramikh@hotmail.com logged in successfully"
}
{
  "timestamp": "2026-01-04 16:00:01",
  "level": "info",
  "message": "║ ✅ User ramikh@hotmail.com logged in successfully"
}
{
  "timestamp": "2026-01-04 16:02:54",
  "level": "info",
  "message": "Budget created for user 69599913d424a4c616c44f67 - Shopping"
}
