{
  "timestamp": "2026-01-12 00:01:15",
  "level": "info",
  "message": "Transaction deleted successfully for user 69599913d424a4c616c44f67"
}
{
  "timestamp": "2026-01-12 00:01:18",
  "level": "info",
  "message": "Transaction deleted successfully for user 69599913d424a4c616c44f67"
}
{
  "timestamp": "2026-01-12 00:01:23",
  "level": "info",
  "message": "Transaction deleted successfully for user 69599913d424a4c616c44f67"
}
{
  "timestamp": "2026-01-12 00:01:26",
  "level": "info",
  "message": "Transaction deleted successfully for user 69599913d424a4c616c44f67"
}
{
  "timestamp": "2026-01-12 19:15:42",
  "level": "info",
  "message": "✅Server running on port 5000"
}
{
  "timestamp": "2026-01-12 19:15:42",
  "level": "error",
  "message": "❌ ❌MongoDB Error:",
  "code": "ECONNREFUSED",
  "syscall": "querySrv",
  "hostname": "_mongodb._tcp.cluster0.xqptawg.mongodb.net"
}
{
  "timestamp": "2026-01-12 19:16:06",
  "level": "info",
  "message": "✅Server running on port 5000"
}
{
  "timestamp": "2026-01-12 19:16:06",
  "level": "error",
  "message": "❌ ❌MongoDB Error:",
  "code": "ECONNREFUSED",
  "syscall": "querySrv",
  "hostname": "_mongodb._tcp.cluster0.xqptawg.mongodb.net"
}
{
  "timestamp": "2026-01-12 19:17:55",
  "level": "info",
  "message": "✅Server running on port 5000"
}
{
  "timestamp": "2026-01-12 19:50:33",
  "level": "info",
  "message": "✅Server running on port 5000"
}
{
  "timestamp": "2026-01-12 19:51:15",
  "level": "error",
  "message": "Could not connect to any servers in your MongoDB Atlas cluster. One common reason is that you're trying to access the database from an IP that isn't whitelisted. Make sure your current IP address is on your Atlas cluster's IP whitelist: https://www.mongodb.com/docs/atlas/security-whitelist/",
  "reason": {
    "type": "ReplicaSetNoPrimary",
    "servers": {},
    "stale": false,
    "compatible": true,
    "heartbeatFrequencyMS": 10000,
    "localThresholdMS": 15,
    "setName": "atlas-2ozfke-shard-0",
    "maxElectionId": null,
    "maxSetVersion": null,
    "commonWireVersion": 0,
    "logicalSessionTimeoutMinutes": null
  }
}
{
  "timestamp": "2026-01-12 20:28:34",
  "level": "info",
  "message": "✅Server running on port 5000"
}
{
  "timestamp": "2026-01-12 20:29:06",
  "level": "error",
  "message": "Could not connect to any servers in your MongoDB Atlas cluster. One common reason is that you're trying to access the database from an IP that isn't whitelisted. Make sure your current IP address is on your Atlas cluster's IP whitelist: https://www.mongodb.com/docs/atlas/security-whitelist/",
  "reason": {
    "type": "ReplicaSetNoPrimary",
    "servers": {},
    "stale": false,
    "compatible": true,
    "heartbeatFrequencyMS": 10000,
    "localThresholdMS": 15,
    "setName": "atlas-2ozfke-shard-0",
    "maxElectionId": null,
    "maxSetVersion": null,
    "commonWireVersion": 0,
    "logicalSessionTimeoutMinutes": null
  }
}
{
  "timestamp": "2026-01-12 20:30:05",
  "level": "info",
  "message": "✅Server running on port 5000"
}
{
  "timestamp": "2026-01-12 20:30:10",
  "level": "info",
  "message": "✅MongoDB Connected"
}
{
  "timestamp": "2026-01-12 20:31:13",
  "level": "info",
  "message": "║ ✅ User ramikh@hotmail.com logged in successfully"
}
