{
  "timestamp": "2026-01-15 00:01:42",
  "level": "info",
  "message": "║ ✅ User ramikh@hotmail.com logged in successfully"
}
{
  "timestamp": "2026-01-15 00:04:48",
  "level": "info",
  "message": "✅Server running on port 5000"
}
{
  "timestamp": "2026-01-15 00:04:51",
  "level": "info",
  "message": "✅MongoDB Connected"
}
{
  "timestamp": "2026-01-15 00:05:18",
  "level": "info",
  "message": "║ ✅ User ramikh@hotmail.com logged in successfully"
}
{
  "timestamp": "2026-01-15 00:05:44",
  "level": "info",
  "message": "║ ✅ Password changed successfully for user ramikh@hotmail.com"
}
{
  "timestamp": "2026-01-15 00:17:36",
  "level": "info",
  "message": "║ ✅ User ramikh@hotmail.com logged in successfully"
}
{
  "timestamp": "2026-01-15 00:35:08",
  "level": "info",
  "message": "✅Server running on port 5000"
}
{
  "timestamp": "2026-01-15 00:35:11",
  "level": "info",
  "message": "✅MongoDB Connected"
}
{
  "timestamp": "2026-01-15 00:35:27",
  "level": "info",
  "message": "║ ✅ User ramikh@hotmail.com logged in successfully"
}
{
  "timestamp": "2026-01-15 00:44:34",
  "level": "info",
  "message": "║ ✅ User mahch@hotmail.com logged in successfully"
}
{
  "timestamp": "2026-01-15 00:50:40",
  "level": "info",
  "message": "║ ✅ User amirkh@gmail.com logged in successfully"
}
